2025-07-16 15:26:11,905 - root - INFO - Logging initialized at level INFO
2025-07-16 15:26:11,908 - root - INFO - Deep Blue Pool Chemistry Application starting
2025-07-16 15:26:11,909 - root - INFO - Python version: 3.10.0 (tags/v3.10.0:b494f59, Oct  4 2021, 19:00:18) [MSC v.1929 64 bit (AMD64)]
2025-07-16 15:26:11,911 - root - INFO - Loaded configuration from config.json
2025-07-16 15:26:11,913 - root - INFO - Running in GUI mode
2025-07-16 15:26:15,029 - app.controllers.main_controller - INFO - Loaded configuration from config.json
2025-07-16 15:26:15,042 - app.controllers.main_controller - INFO - Main Controller initialized
2025-07-16 15:26:15,047 - weather_service - INFO - Weather Service initialized for Florida with update interval 3600s
2025-07-16 15:26:15,049 - weather_service - INFO - Loaded weather data from cache, last updated: 2025-07-16 14:15:53.011127
2025-07-16 15:26:15,051 - weather_service - INFO - Updating weather data for Florida
2025-07-16 15:26:15,056 - weather_service - INFO - Saved weather data to cache file: weather_cache.json
2025-07-16 15:26:15,060 - weather_service - INFO - Weather data updated successfully for Florida
2025-07-16 15:26:15,061 - app.controllers.main_controller - INFO - Weather service initialized
2025-07-16 15:26:15,063 - services.weather.weather_impact_analyzer - INFO - Weather Impact Analyzer initialized
2025-07-16 15:26:15,068 - app.controllers.main_controller - INFO - Weather impact analyzer initialized
2025-07-16 15:26:16,447 - test_strip_analyzer - INFO - Camera initialized successfully
2025-07-16 15:26:16,479 - app.controllers.main_controller - INFO - Test strip analyzer initialized
2025-07-16 15:26:16,483 - services.chemical_safety.chemical_safety_database - INFO - Initializing Chemical Safety Database
2025-07-16 15:26:16,485 - services.chemical_safety.chemical_safety_database - INFO - Loaded chemical safety data for 5 chemicals
2025-07-16 15:26:16,488 - app.controllers.main_controller - INFO - Chemical safety database initialized
2025-07-16 15:26:16,491 - services.chemical_safety.compatibility_matrix - INFO - Compatibility Matrix initialized
2025-07-16 15:26:16,493 - app.controllers.main_controller - INFO - Chemical compatibility matrix initialized
2025-07-16 15:26:16,496 - database_service - INFO - Connected to SQLite database at: data/pool_chemistry.db
2025-07-16 15:26:16,499 - database_service - INFO - Database schema initialized
2025-07-16 15:26:16,503 - app.controllers.main_controller - INFO - Database service initialized
2025-07-16 15:26:16,590 - app.controllers.main_controller - ERROR - Error initializing views: 'WeatherImpactAnalyzer' object has no attribute 'calculate_score'
2025-07-16 15:26:16,609 - root - ERROR - Error running GUI application: 'WeatherImpactAnalyzer' object has no attribute 'calculate_score'
2025-07-16 15:26:16,613 - root - ERROR - Traceback (most recent call last):
  File "C:\Scripts\Deep Blue scripts and files\pool_controller\new_structure\consolidated_pool_app_fixed.py", line 131, in run_gui_app
    controller.initialize_views(basic_mode=basic_mode)
  File "C:\Scripts\Deep Blue scripts and files\pool_controller\new_structure\app\controllers\main_controller.py", line 89, in initialize_views
    self.view = DashboardView(self.root, self.services)
  File "C:\Scripts\Deep Blue scripts and files\pool_controller\new_structure\app\views\dashboard_view.py", line 20, in __init__
    self._build_tabs()
  File "C:\Scripts\Deep Blue scripts and files\pool_controller\new_structure\app\views\dashboard_view.py", line 40, in _build_tabs
    self._build_weather_tab()
  File "C:\Scripts\Deep Blue scripts and files\pool_controller\new_structure\app\views\dashboard_view.py", line 62, in _build_weather_tab
    score = self.services["weather_impact"].calculate_score(weather)
AttributeError: 'WeatherImpactAnalyzer' object has no attribute 'calculate_score'

