2025-07-16 17:20:10,398 - root - INFO - Logging initialized at level INFO
2025-07-16 17:20:10,409 - root - INFO - Deep Blue Pool Chemistry Application starting
2025-07-16 17:20:10,419 - root - INFO - Python version: 3.10.0 (tags/v3.10.0:b494f59, Oct  4 2021, 19:00:18) [MSC v.1929 64 bit (AMD64)]
2025-07-16 17:20:10,428 - root - INFO - Loaded configuration from config.json
2025-07-16 17:20:10,442 - root - INFO - Running in GUI mode
2025-07-16 17:20:13,569 - app.controllers.main_controller - INFO - Loaded configuration from config.json
2025-07-16 17:20:13,587 - app.controllers.main_controller - INFO - Main Controller initialized
2025-07-16 17:20:13,601 - weather_service - INFO - Weather Service initialized for Florida with update interval 3600s
2025-07-16 17:20:13,611 - weather_service - INFO - Loaded weather data from cache, last updated: 2025-07-16 15:53:48.243440
2025-07-16 17:20:13,620 - weather_service - INFO - Updating weather data for Florida
2025-07-16 17:20:13,632 - weather_service - INFO - Saved weather data to cache file: weather_cache.json
2025-07-16 17:20:13,642 - weather_service - INFO - Weather data updated successfully for Florida
2025-07-16 17:20:13,655 - app.controllers.main_controller - INFO - Weather service initialized
2025-07-16 17:20:13,664 - weather_impact_analyzer - INFO - Weather Impact Analyzer initialized
2025-07-16 17:20:13,673 - app.controllers.main_controller - INFO - Weather impact analyzer initialized
2025-07-16 17:20:15,237 - test_strip_analyzer - INFO - Camera initialized successfully
2025-07-16 17:20:15,248 - app.controllers.main_controller - INFO - Test strip analyzer initialized
2025-07-16 17:20:15,259 - services.chemical_safety.chemical_safety_database - INFO - Initializing Chemical Safety Database
2025-07-16 17:20:15,270 - services.chemical_safety.chemical_safety_database - INFO - Loaded chemical safety data for 5 chemicals
2025-07-16 17:20:15,283 - app.controllers.main_controller - INFO - Chemical safety database initialized
2025-07-16 17:20:15,293 - compatibility_matrix - INFO - Compatibility Matrix initialized
2025-07-16 17:20:15,304 - app.controllers.main_controller - INFO - Chemical compatibility matrix initialized
2025-07-16 17:20:15,316 - app.controllers.main_controller - INFO - Database service initialized
2025-07-16 17:20:15,562 - app.controllers.main_controller - INFO - Dashboard view initialized
2025-07-16 17:20:15,574 - app.controllers.main_controller - INFO - GUI initialized
2025-07-16 17:20:33,855 - test_strip_analyzer - INFO - Captured image saved to test_strip.jpg
2025-07-16 17:20:37,880 - test_strip_analyzer - INFO - Test strip analysis completed
2025-07-16 17:20:46,835 - test_strip_analyzer - INFO - Test strip analysis completed
