2025-07-16 11:53:10,537 - root - INFO - Logging initialized at level INFO
2025-07-16 11:53:10,579 - root - INFO - Deep Blue Pool Chemistry Application starting
2025-07-16 11:53:10,602 - root - INFO - Python version: 3.10.0 (tags/v3.10.0:b494f59, Oct  4 2021, 19:00:18) [MSC v.1929 64 bit (AMD64)]
2025-07-16 11:53:10,629 - root - INFO - Loaded configuration from config.json
2025-07-16 11:53:10,657 - root - INFO - Running in GUI mode
2025-07-16 11:53:10,786 - app.controllers.main_controller - INFO - Loaded configuration from config.json
2025-07-16 11:53:10,808 - app.controllers.main_controller - INFO - Main Controller initialized
2025-07-16 11:53:10,831 - app.controllers.main_controller - WARNING - Failed to initialize weather service: WeatherService.__init__() got an unexpected keyword argument 'location'
2025-07-16 11:53:10,855 - app.controllers.main_controller - WARNING - Failed to initialize test strip analyzer: TestStripAnalyzer.__init__() got an unexpected keyword argument 'enable_camera'
2025-07-16 11:53:10,877 - services.chemical_safety.chemical_safety_database - INFO - Initializing Chemical Safety Database
2025-07-16 11:53:10,901 - services.chemical_safety.chemical_safety_database - INFO - Loaded chemical safety data for 5 chemicals
2025-07-16 11:53:10,916 - app.controllers.main_controller - INFO - Chemical safety database initialized
2025-07-16 11:53:10,936 - services.chemical_safety.compatibility_matrix - INFO - Compatibility Matrix initialized
2025-07-16 11:53:10,953 - app.controllers.main_controller - INFO - Chemical compatibility matrix initialized
2025-07-16 11:53:10,973 - database_service - INFO - Connected to SQLite database at: data/pool_chemistry.db
2025-07-16 11:53:10,991 - database_service - INFO - Database schema initialized
2025-07-16 11:53:11,008 - app.controllers.main_controller - INFO - Database service initialized
2025-07-16 11:53:11,025 - root - INFO - Using enhanced GUI
2025-07-16 11:53:11,120 - app.controllers.main_controller - INFO - Dashboard view initialized
2025-07-16 11:53:11,158 - app.controllers.main_controller - INFO - GUI initialized
