2025-07-16 10:01:05,020 - root - INFO - Logging initialized at level INFO
2025-07-16 10:01:05,020 - root - INFO - Deep Blue Pool Chemistry Application starting
2025-07-16 10:01:05,020 - root - INFO - Python version: 3.10.0 (tags/v3.10.0:b494f59, Oct  4 2021, 19:00:18) [MSC v.1929 64 bit (AMD64)]
2025-07-16 10:01:05,020 - root - INFO - Loaded configuration from config.json
2025-07-16 10:01:05,021 - root - INFO - Running in GUI mode
2025-07-16 10:01:05,050 - app.controllers.main_controller - INFO - Loaded configuration from config.json
2025-07-16 10:01:05,050 - app.controllers.main_controller - INFO - Main Controller initialized
2025-07-16 10:01:05,053 - weather_service - INFO - Weather Service initialized for Florida with update interval 3600s
2025-07-16 10:01:05,168 - weather_service - INFO - Using requests module for weather data
2025-07-16 10:01:05,168 - weather_service - INFO - Loaded weather data from cache, last updated: 2025-07-16 10:00:37.397165
2025-07-16 10:01:05,168 - weather_service - INFO - Updating weather data for Florida
2025-07-16 10:01:05,168 - weather_service - INFO - Weather data updated successfully for Florida
2025-07-16 10:01:05,169 - weather_service - INFO - Saved weather data to cache file: weather_cache.json
2025-07-16 10:01:05,170 - app.controllers.main_controller - INFO - Weather service initialized
2025-07-16 10:01:05,171 - services.weather.weather_impact_analyzer - INFO - Weather Impact Analyzer initialized
2025-07-16 10:01:05,172 - app.controllers.main_controller - INFO - Weather impact analyzer initialized
2025-07-16 10:01:05,269 - services.image_processing.test_strip_analyzer - INFO - OpenCV module loaded successfully
2025-07-16 10:01:05,269 - services.image_processing.test_strip_analyzer - INFO - Loaded calibration data from data/test_strip_calibration.json
2025-07-16 10:01:09,096 - services.image_processing.test_strip_analyzer - INFO - Camera initialized successfully
2025-07-16 10:01:09,096 - app.controllers.main_controller - INFO - Test strip analyzer initialized
2025-07-16 10:01:09,097 - services.chemical_safety.chemical_safety_database - INFO - Initializing Chemical Safety Database
2025-07-16 10:01:09,098 - services.chemical_safety.chemical_safety_database - INFO - Loaded chemical safety data for 5 chemicals
2025-07-16 10:01:09,098 - app.controllers.main_controller - INFO - Chemical safety database initialized
2025-07-16 10:01:09,098 - services.chemical_safety.compatibility_matrix - INFO - Chemical Compatibility Matrix initialized
2025-07-16 10:01:09,098 - app.controllers.main_controller - INFO - Chemical compatibility matrix initialized
2025-07-16 10:01:09,103 - services.database.database_service - INFO - Initializing Database Service
2025-07-16 10:01:09,103 - services.database.database_service - ERROR - Error initializing database: [WinError 3] The system cannot find the path specified: ''
2025-07-16 10:01:09,103 - app.controllers.main_controller - WARNING - Failed to initialize database service: [WinError 3] The system cannot find the path specified: ''
2025-07-16 10:01:09,103 - root - INFO - Using basic GUI
2025-07-16 10:01:09,104 - root - ERROR - Error running GUI application: 'MainController' object has no attribute 'initialize_views'
2025-07-16 10:01:09,104 - root - ERROR - Traceback (most recent call last):
  File "C:\Scripts\Deep Blue scripts and files\pool_controller\new_structure\consolidated_pool_app_fixed.py", line 174, in run_gui_app
    controller.initialize_views(basic_mode=True)
AttributeError: 'MainController' object has no attribute 'initialize_views'

