2025-07-16 14:15:49,860 - root - INFO - Logging initialized at level INFO
2025-07-16 14:15:49,872 - root - INFO - Deep Blue Pool Chemistry Application starting
2025-07-16 14:15:49,875 - root - INFO - Python version: 3.10.0 (tags/v3.10.0:b494f59, Oct  4 2021, 19:00:18) [MSC v.1929 64 bit (AMD64)]
2025-07-16 14:15:49,879 - root - INFO - Loaded configuration from config.json
2025-07-16 14:15:49,880 - root - INFO - Running in GUI mode
2025-07-16 14:15:52,977 - app.controllers.main_controller - INFO - Loaded configuration from config.json
2025-07-16 14:15:52,992 - app.controllers.main_controller - INFO - Main Controller initialized
2025-07-16 14:15:52,995 - weather_service - INFO - Weather Service initialized for Florida with update interval 3600s
2025-07-16 14:15:52,998 - weather_service - INFO - Loaded weather data from cache, last updated: 2025-07-16 13:44:19.580212
2025-07-16 14:15:53,005 - weather_service - INFO - Updating weather data for Florida
2025-07-16 14:15:53,013 - weather_service - INFO - Saved weather data to cache file: weather_cache.json
2025-07-16 14:15:53,016 - weather_service - INFO - Weather data updated successfully for Florida
2025-07-16 14:15:53,018 - app.controllers.main_controller - INFO - Weather service initialized
2025-07-16 14:15:53,021 - services.weather.weather_impact_analyzer - INFO - Weather Impact Analyzer initialized
2025-07-16 14:15:53,024 - app.controllers.main_controller - INFO - Weather impact analyzer initialized
2025-07-16 14:15:54,515 - test_strip_analyzer - INFO - Camera initialized successfully
2025-07-16 14:15:54,531 - app.controllers.main_controller - INFO - Test strip analyzer initialized
2025-07-16 14:15:54,534 - services.chemical_safety.chemical_safety_database - INFO - Initializing Chemical Safety Database
2025-07-16 14:15:54,537 - services.chemical_safety.chemical_safety_database - INFO - Loaded chemical safety data for 5 chemicals
2025-07-16 14:15:54,539 - app.controllers.main_controller - INFO - Chemical safety database initialized
2025-07-16 14:15:54,542 - services.chemical_safety.compatibility_matrix - INFO - Compatibility Matrix initialized
2025-07-16 14:15:54,545 - app.controllers.main_controller - INFO - Chemical compatibility matrix initialized
2025-07-16 14:15:54,547 - database_service - INFO - Connected to SQLite database at: data/pool_chemistry.db
2025-07-16 14:15:54,550 - database_service - INFO - Database schema initialized
2025-07-16 14:15:54,552 - app.controllers.main_controller - INFO - Database service initialized
2025-07-16 14:15:54,644 - app.controllers.main_controller - INFO - Dashboard view initialized
2025-07-16 14:15:54,659 - app.controllers.main_controller - INFO - GUI initialized
