2025-07-16 13:44:16,326 - root - INFO - Logging initialized at level INFO
2025-07-16 13:44:16,342 - root - INFO - Deep Blue Pool Chemistry Application starting
2025-07-16 13:44:16,353 - root - INFO - Python version: 3.10.0 (tags/v3.10.0:b494f59, Oct  4 2021, 19:00:18) [MSC v.1929 64 bit (AMD64)]
2025-07-16 13:44:16,365 - root - INFO - Loaded configuration from config.json
2025-07-16 13:44:16,378 - root - INFO - Running in GUI mode
2025-07-16 13:44:19,511 - app.controllers.main_controller - INFO - Loaded configuration from config.json
2025-07-16 13:44:19,528 - app.controllers.main_controller - INFO - Main Controller initialized
2025-07-16 13:44:19,540 - weather_service - INFO - Weather Service initialized for Florida with update interval 3600s
2025-07-16 13:44:19,556 - weather_service - INFO - Loaded weather data from cache, last updated: 1752674484.9156106
2025-07-16 13:44:19,568 - weather_service - INFO - Updating weather data for Florida
2025-07-16 13:44:19,583 - weather_service - INFO - Saved weather data to cache file: weather_cache.json
2025-07-16 13:44:19,593 - weather_service - INFO - Weather data updated successfully for Florida
2025-07-16 13:44:19,604 - app.controllers.main_controller - INFO - Weather service initialized
2025-07-16 13:44:19,618 - services.weather.weather_impact_analyzer - INFO - Weather Impact Analyzer initialized
2025-07-16 13:44:19,629 - app.controllers.main_controller - INFO - Weather impact analyzer initialized
2025-07-16 13:44:21,105 - test_strip_analyzer - INFO - Camera initialized successfully
2025-07-16 13:44:21,154 - app.controllers.main_controller - INFO - Test strip analyzer initialized
2025-07-16 13:44:21,165 - services.chemical_safety.chemical_safety_database - INFO - Initializing Chemical Safety Database
2025-07-16 13:44:21,176 - services.chemical_safety.chemical_safety_database - INFO - Loaded chemical safety data for 5 chemicals
2025-07-16 13:44:21,186 - app.controllers.main_controller - INFO - Chemical safety database initialized
2025-07-16 13:44:21,197 - services.chemical_safety.compatibility_matrix - INFO - Compatibility Matrix initialized
2025-07-16 13:44:21,208 - app.controllers.main_controller - INFO - Chemical compatibility matrix initialized
2025-07-16 13:44:21,213 - database_service - INFO - Connected to SQLite database at: data/pool_chemistry.db
2025-07-16 13:44:21,225 - database_service - INFO - Database schema initialized
2025-07-16 13:44:21,229 - app.controllers.main_controller - INFO - Database service initialized
2025-07-16 13:44:21,314 - app.controllers.main_controller - INFO - Dashboard view initialized
2025-07-16 13:44:21,346 - app.controllers.main_controller - INFO - GUI initialized
