2025-07-22 10:02:58,122 - __main__ - INFO - Pool Chemistry Manager started
2025-07-22 10:02:58,201 - modules.database_manager - INFO - Connected to SQLite database: data/pool_chemistry.db
2025-07-22 10:02:58,265 - modules.database_manager - INFO - Database schema initialized
2025-07-22 10:02:58,360 - modules.ui_components - INFO - Loaded 0 customers
2025-07-22 10:02:58,407 - modules.ui_components - INFO - Loaded 0 test results
2025-07-22 10:02:58,407 - modules.ui_components - INFO - UI setup complete
2025-07-22 10:02:58,407 - modules.ui_components - INFO - Application UI initialized
2025-07-22 10:02:58,407 - modules.ui_components - INFO - Starting Pool Chemistry Manager GUI
2025-07-22 10:03:28,659 - modules.database_manager - INFO - Connected to SQLite database: data/pool_chemistry.db
2025-07-22 10:03:30,100 - modules.database_manager - INFO - Disconnected from database
2025-07-22 10:03:44,656 - modules.database_manager - INFO - Database backed up to C:/Users/valca/OneDrive/Desktop/Pool Structure/data/pool_chemistry_backup_20250722_100335.db
2025-07-22 10:06:05,038 - modules.database_manager - INFO - Added customer: Michael Hayes (ID: 1)
2025-07-22 10:06:05,070 - modules.ui_components - INFO - Customer added: Michael Hayes
2025-07-22 10:06:35,615 - modules.config_manager - INFO - Configuration saved successfully
2025-07-22 10:06:38,540 - modules.config_manager - INFO - Configuration loaded successfully
2025-07-22 11:07:23,824 - __main__ - INFO - Pool Chemistry Manager started
2025-07-22 11:07:23,894 - modules.database_manager - ERROR - Unsupported database type: mysql
2025-07-22 11:07:23,941 - modules.database_manager - ERROR - Unsupported database type: mysql
2025-07-22 11:07:23,941 - modules.database_manager - ERROR - Error initializing database: 'NoneType' object has no attribute 'execute'
2025-07-22 11:59:09,077 - __main__ - INFO - Pool Chemistry Manager started
2025-07-22 11:59:09,149 - modules.database_manager - ERROR - Unsupported database type: mysql
2025-07-22 11:59:09,195 - modules.database_manager - ERROR - Unsupported database type: mysql
2025-07-22 11:59:09,197 - modules.database_manager - ERROR - Error initializing database: 'NoneType' object has no attribute 'execute'
2025-07-22 12:00:51,418 - __main__ - INFO - Pool Chemistry Manager started
2025-07-22 12:00:51,468 - modules.database_manager - ERROR - Unsupported database type: mysql
2025-07-22 12:00:51,484 - modules.database_manager - ERROR - Unsupported database type: mysql
2025-07-22 12:00:51,484 - modules.database_manager - ERROR - Error initializing database: 'NoneType' object has no attribute 'execute'
2025-07-22 12:59:21,480 - __main__ - INFO - Pool Chemistry Manager started
2025-07-22 12:59:21,555 - modules.database_manager - ERROR - Unsupported database type: mysql
2025-07-22 12:59:21,608 - modules.database_manager - ERROR - Unsupported database type: mysql
2025-07-22 12:59:21,611 - modules.database_manager - ERROR - Error initializing database: 'NoneType' object has no attribute 'execute'
