2025-07-16 15:35:01,335 - root - INFO - Logging initialized at level INFO
2025-07-16 15:35:01,338 - root - INFO - Deep Blue Pool Chemistry Application starting
2025-07-16 15:35:01,339 - root - INFO - Python version: 3.10.0 (tags/v3.10.0:b494f59, Oct  4 2021, 19:00:18) [MSC v.1929 64 bit (AMD64)]
2025-07-16 15:35:01,341 - root - INFO - Loaded configuration from config.json
2025-07-16 15:35:01,343 - root - INFO - Running in GUI mode
2025-07-16 15:35:04,449 - app.controllers.main_controller - INFO - Loaded configuration from config.json
2025-07-16 15:35:04,462 - app.controllers.main_controller - INFO - Main Controller initialized
2025-07-16 15:35:04,466 - weather_service - INFO - Weather Service initialized for Florida with update interval 3600s
2025-07-16 15:35:04,468 - weather_service - INFO - Loaded weather data from cache, last updated: 2025-07-16 15:26:15.053311
2025-07-16 15:35:04,470 - weather_service - INFO - Updating weather data for Florida
2025-07-16 15:35:04,475 - weather_service - INFO - Saved weather data to cache file: weather_cache.json
2025-07-16 15:35:04,477 - weather_service - INFO - Weather data updated successfully for Florida
2025-07-16 15:35:04,480 - app.controllers.main_controller - INFO - Weather service initialized
2025-07-16 15:35:04,484 - weather_impact_analyzer - INFO - Weather Impact Analyzer initialized
2025-07-16 15:35:04,486 - app.controllers.main_controller - INFO - Weather impact analyzer initialized
2025-07-16 15:35:05,975 - test_strip_analyzer - INFO - Camera initialized successfully
2025-07-16 15:35:05,993 - app.controllers.main_controller - INFO - Test strip analyzer initialized
2025-07-16 15:35:05,996 - services.chemical_safety.chemical_safety_database - INFO - Initializing Chemical Safety Database
2025-07-16 15:35:05,998 - services.chemical_safety.chemical_safety_database - INFO - Loaded chemical safety data for 5 chemicals
2025-07-16 15:35:06,008 - app.controllers.main_controller - INFO - Chemical safety database initialized
2025-07-16 15:35:06,021 - services.chemical_safety.compatibility_matrix - INFO - Compatibility Matrix initialized
2025-07-16 15:35:06,033 - app.controllers.main_controller - INFO - Chemical compatibility matrix initialized
2025-07-16 15:35:06,038 - database_service - INFO - Connected to SQLite database at: data/pool_chemistry.db
2025-07-16 15:35:06,050 - database_service - INFO - Database schema initialized
2025-07-16 15:35:06,055 - app.controllers.main_controller - INFO - Database service initialized
2025-07-16 15:35:06,490 - app.controllers.main_controller - INFO - Dashboard view initialized
2025-07-16 15:35:06,494 - app.controllers.main_controller - INFO - GUI initialized
