2025-07-16 19:55:15,496 - root - INFO - Logging initialized at level INFO
2025-07-16 19:55:15,503 - root - INFO - Deep Blue Pool Chemistry Application starting
2025-07-16 19:55:15,506 - root - INFO - Python version: 3.10.0 (tags/v3.10.0:b494f59, Oct  4 2021, 19:00:18) [MSC v.1929 64 bit (AMD64)]
2025-07-16 19:55:15,508 - root - INFO - Loaded configuration from config.json
2025-07-16 19:55:15,510 - root - INFO - Running in GUI mode
2025-07-16 19:55:18,631 - app.controllers.main_controller - INFO - Loaded configuration from config.json
2025-07-16 19:55:18,644 - app.controllers.main_controller - INFO - Main Controller initialized
2025-07-16 19:55:18,648 - weather_service - INFO - Weather Service initialized for Florida with update interval 3600s
2025-07-16 19:55:18,651 - weather_service - INFO - Loaded weather data from cache, last updated: 2025-07-16 19:53:57.516360
2025-07-16 19:55:18,654 - weather_service - INFO - Updating weather data for Florida
2025-07-16 19:55:18,660 - weather_service - INFO - Saved weather data to cache file: weather_cache.json
2025-07-16 19:55:18,662 - weather_service - INFO - Weather data updated successfully for Florida
2025-07-16 19:55:18,665 - app.controllers.main_controller - INFO - Weather service initialized
2025-07-16 19:55:18,669 - weather_impact_analyzer - INFO - Weather Impact Analyzer initialized
2025-07-16 19:55:18,672 - app.controllers.main_controller - INFO - Weather impact analyzer initialized
2025-07-16 19:55:18,675 - app.controllers.main_controller - WARNING - Failed to initialize test strip analyzer: TestStripAnalyzer() takes no arguments
2025-07-16 19:55:18,678 - services.chemical_safety.chemical_safety_database - INFO - Initializing Chemical Safety Database
2025-07-16 19:55:18,680 - services.chemical_safety.chemical_safety_database - INFO - Loaded chemical safety data for 5 chemicals
2025-07-16 19:55:18,683 - app.controllers.main_controller - INFO - Chemical safety database initialized
2025-07-16 19:55:18,687 - compatibility_matrix - INFO - Compatibility Matrix initialized
2025-07-16 19:55:18,690 - app.controllers.main_controller - INFO - Chemical compatibility matrix initialized
2025-07-16 19:55:18,692 - app.controllers.main_controller - INFO - Database service initialized
2025-07-16 19:55:18,912 - app.controllers.main_controller - INFO - Dashboard view initialized
2025-07-16 19:55:18,916 - app.controllers.main_controller - INFO - GUI initialized
