2025-07-16 19:53:54,381 - root - INFO - Logging initialized at level INFO
2025-07-16 19:53:54,389 - root - INFO - Deep Blue Pool Chemistry Application starting
2025-07-16 19:53:54,392 - root - INFO - Python version: 3.10.0 (tags/v3.10.0:b494f59, Oct  4 2021, 19:00:18) [MSC v.1929 64 bit (AMD64)]
2025-07-16 19:53:54,397 - root - INFO - Loaded configuration from config.json
2025-07-16 19:53:54,399 - root - INFO - Running in GUI mode
2025-07-16 19:53:57,506 - app.controllers.main_controller - INFO - Loaded configuration from config.json
2025-07-16 19:53:57,508 - app.controllers.main_controller - INFO - Main Controller initialized
2025-07-16 19:53:57,510 - weather_service - INFO - Weather Service initialized for Florida with update interval 3600s
2025-07-16 19:53:57,512 - weather_service - INFO - Loaded weather data from cache, last updated: 2025-07-16 17:59:57.307928
2025-07-16 19:53:57,514 - weather_service - INFO - Updating weather data for Florida
2025-07-16 19:53:57,519 - weather_service - INFO - Saved weather data to cache file: weather_cache.json
2025-07-16 19:53:57,521 - weather_service - INFO - Weather data updated successfully for Florida
2025-07-16 19:53:57,523 - app.controllers.main_controller - INFO - Weather service initialized
2025-07-16 19:53:57,525 - weather_impact_analyzer - INFO - Weather Impact Analyzer initialized
2025-07-16 19:53:57,526 - app.controllers.main_controller - INFO - Weather impact analyzer initialized
2025-07-16 19:53:57,528 - app.controllers.main_controller - WARNING - Failed to initialize test strip analyzer: TestStripAnalyzer() takes no arguments
2025-07-16 19:53:57,530 - services.chemical_safety.chemical_safety_database - INFO - Initializing Chemical Safety Database
2025-07-16 19:53:57,532 - services.chemical_safety.chemical_safety_database - INFO - Loaded chemical safety data for 5 chemicals
2025-07-16 19:53:57,534 - app.controllers.main_controller - INFO - Chemical safety database initialized
2025-07-16 19:53:57,536 - compatibility_matrix - INFO - Compatibility Matrix initialized
2025-07-16 19:53:57,537 - app.controllers.main_controller - INFO - Chemical compatibility matrix initialized
2025-07-16 19:53:57,539 - app.controllers.main_controller - INFO - Database service initialized
2025-07-16 19:53:57,756 - app.controllers.main_controller - INFO - Dashboard view initialized
2025-07-16 19:53:57,758 - app.controllers.main_controller - INFO - GUI initialized
