2025-07-16 10:00:37,206 - root - INFO - Logging initialized at level INFO
2025-07-16 10:00:37,214 - root - INFO - Deep Blue Pool Chemistry Application starting
2025-07-16 10:00:37,219 - root - INFO - Python version: 3.10.0 (tags/v3.10.0:b494f59, Oct  4 2021, 19:00:18) [MSC v.1929 64 bit (AMD64)]
2025-07-16 10:00:37,224 - root - INFO - Loaded configuration from config.json
2025-07-16 10:00:37,228 - root - INFO - Running in GUI mode
2025-07-16 10:00:37,239 - app.controllers.main_controller - INFO - Loaded configuration from config.json
2025-07-16 10:00:37,243 - app.controllers.main_controller - INFO - Main Controller initialized
2025-07-16 10:00:37,252 - weather_service - INFO - Weather Service initialized for Florida with update interval 3600s
2025-07-16 10:00:37,383 - weather_service - INFO - Using requests module for weather data
2025-07-16 10:00:37,390 - weather_service - INFO - Updating weather data for Florida
2025-07-16 10:00:37,397 - weather_service - INFO - Weather data updated successfully for Florida
2025-07-16 10:00:37,403 - weather_service - INFO - Saved weather data to cache file: weather_cache.json
2025-07-16 10:00:37,411 - app.controllers.main_controller - INFO - Weather service initialized
2025-07-16 10:00:37,418 - services.weather.weather_impact_analyzer - INFO - Weather Impact Analyzer initialized
2025-07-16 10:00:37,425 - app.controllers.main_controller - INFO - Weather impact analyzer initialized
2025-07-16 10:00:37,538 - services.image_processing.test_strip_analyzer - INFO - OpenCV module loaded successfully
2025-07-16 10:00:37,544 - services.image_processing.test_strip_analyzer - INFO - Loaded calibration data from data/test_strip_calibration.json
2025-07-16 10:00:41,210 - services.image_processing.test_strip_analyzer - INFO - Camera initialized successfully
2025-07-16 10:00:41,215 - app.controllers.main_controller - INFO - Test strip analyzer initialized
2025-07-16 10:00:41,232 - services.chemical_safety.chemical_safety_database - INFO - Initializing Chemical Safety Database
2025-07-16 10:00:41,238 - services.chemical_safety.chemical_safety_database - INFO - Loaded chemical safety data for 5 chemicals
2025-07-16 10:00:41,242 - app.controllers.main_controller - INFO - Chemical safety database initialized
2025-07-16 10:00:41,246 - services.chemical_safety.compatibility_matrix - INFO - Chemical Compatibility Matrix initialized
2025-07-16 10:00:41,250 - app.controllers.main_controller - INFO - Chemical compatibility matrix initialized
2025-07-16 10:00:41,279 - services.database.database_service - INFO - Initializing Database Service
2025-07-16 10:00:41,286 - services.database.database_service - ERROR - Error initializing database: [WinError 3] The system cannot find the path specified: ''
2025-07-16 10:00:41,291 - app.controllers.main_controller - WARNING - Failed to initialize database service: [WinError 3] The system cannot find the path specified: ''
2025-07-16 10:00:41,295 - root - INFO - Using enhanced GUI
2025-07-16 10:00:41,298 - root - ERROR - Error running GUI application: 'MainController' object has no attribute 'initialize_views'
2025-07-16 10:00:41,302 - root - ERROR - Traceback (most recent call last):
  File "C:\Scripts\Deep Blue scripts and files\pool_controller\new_structure\consolidated_pool_app_fixed.py", line 178, in run_gui_app
    controller.initialize_views(basic_mode=False)
AttributeError: 'MainController' object has no attribute 'initialize_views'

